2025-11-21 14:15:36,818 - ================================================================================
2025-11-21 14:15:36,818 - CSV IMPORT SCRIPT STARTED
2025-11-21 14:15:36,818 - Time: 2025-11-21 14:15:36.818509
2025-11-21 14:15:36,818 - ================================================================================
2025-11-21 14:15:36,818 - 
2025-11-21 14:15:36,819 - ================================================================================
2025-11-21 14:15:36,819 - Importing C:\Users\patel\OneDrive - SARDAR VALLABHBHAI PATEL INSTITUTE OF TECHNOLOGY, SVIT\Desktop\UWin\Semester 2\ADT\Project\Project\datasets\2024_Q1.csv into Q1
2025-11-21 14:15:36,819 - ================================================================================
2025-11-21 14:15:36,819 - Reading CSV file...
2025-11-21 14:15:44,730 - Loaded 1,658,259 rows from CSV
2025-11-21 14:15:44,791 - Unique carriers found: ['9E', 'AA', 'AS', 'B6', 'DL', 'F9', 'G4', 'HA', 'MQ', 'NK', 'OH', 'OO', 'UA', 'WN', 'YX']
2025-11-21 14:15:44,792 - Preparing data for SQL insert...
2025-11-21 14:15:45,743 - Starting bulk insert in batches of 10,000...
2025-11-21 14:15:46,779 - Batch failed at row 0: ('Invalid parameter type.  param-index=6 param-type=NAType', 'HY105')
2025-11-21 14:15:46,791 - 
================================================================================
2025-11-21 14:15:46,791 - IMPORT FAILED: ('Invalid parameter type.  param-index=6 param-type=NAType', 'HY105')
2025-11-21 14:15:46,791 - ================================================================================
2025-11-21 14:18:46,880 - ================================================================================
2025-11-21 14:18:46,881 - CSV IMPORT SCRIPT STARTED (FIXED VERSION)
2025-11-21 14:18:46,881 - Time: 2025-11-21 14:18:46.881399
2025-11-21 14:18:46,881 - ================================================================================
2025-11-21 14:18:46,881 - 
2025-11-21 14:18:46,881 - ================================================================================
2025-11-21 14:18:46,881 - Importing C:\Users\patel\OneDrive - SARDAR VALLABHBHAI PATEL INSTITUTE OF TECHNOLOGY, SVIT\Desktop\UWin\Semester 2\ADT\Project\Project\datasets\2024_Q1.csv into Q1
2025-11-21 14:18:46,881 - ================================================================================
2025-11-21 14:18:46,881 - Reading CSV file...
2025-11-21 14:18:50,929 - Loaded 1,658,259 rows from CSV
2025-11-21 14:18:51,027 - Unique carriers found: ['9E', 'AA', 'AS', 'B6', 'DL', 'F9', 'G4', 'HA', 'MQ', 'NK', 'OH', 'OO', 'UA', 'WN', 'YX']
2025-11-21 14:18:51,027 - Converting data types for SQL Server compatibility...
2025-11-21 14:19:05,574 - Starting bulk insert in batches of 10,000...
2025-11-21 14:19:15,163 - Progress: 50,000/1,658,259 (3.0%) - ETA: 15.2 min
2025-11-21 14:19:23,620 - Progress: 100,000/1,658,259 (6.0%) - ETA: 9.5 min
2025-11-21 14:19:33,958 - Progress: 150,000/1,658,259 (9.0%) - ETA: 7.9 min
2025-11-21 14:19:44,829 - Progress: 200,000/1,658,259 (12.1%) - ETA: 7.0 min
2025-11-21 14:19:53,586 - Progress: 250,000/1,658,259 (15.1%) - ETA: 6.3 min
2025-11-21 14:20:01,770 - Progress: 300,000/1,658,259 (18.1%) - ETA: 5.7 min
2025-11-21 14:20:12,375 - Progress: 350,000/1,658,259 (21.1%) - ETA: 5.3 min
2025-11-21 14:20:20,719 - Progress: 400,000/1,658,259 (24.1%) - ETA: 4.9 min
2025-11-21 14:20:28,847 - Progress: 450,000/1,658,259 (27.1%) - ETA: 4.6 min
2025-11-21 14:20:37,041 - Progress: 500,000/1,658,259 (30.2%) - ETA: 4.3 min
2025-11-21 14:20:45,236 - Progress: 550,000/1,658,259 (33.2%) - ETA: 4.0 min
2025-11-21 14:20:53,496 - Progress: 600,000/1,658,259 (36.2%) - ETA: 3.7 min
2025-11-21 14:21:02,863 - Progress: 650,000/1,658,259 (39.2%) - ETA: 3.5 min
2025-11-21 14:21:11,008 - Progress: 700,000/1,658,259 (42.2%) - ETA: 3.3 min
2025-11-21 14:21:21,051 - Progress: 750,000/1,658,259 (45.2%) - ETA: 3.1 min
2025-11-21 14:21:29,278 - Progress: 800,000/1,658,259 (48.2%) - ETA: 2.9 min
2025-11-21 14:21:37,484 - Progress: 850,000/1,658,259 (51.3%) - ETA: 2.7 min
2025-11-21 14:21:45,731 - Progress: 900,000/1,658,259 (54.3%) - ETA: 2.5 min
2025-11-21 14:21:53,853 - Progress: 950,000/1,658,259 (57.3%) - ETA: 2.3 min
2025-11-21 14:22:02,155 - Progress: 1,000,000/1,658,259 (60.3%) - ETA: 2.1 min
2025-11-21 14:22:10,376 - Progress: 1,050,000/1,658,259 (63.3%) - ETA: 2.0 min
2025-11-21 14:22:19,419 - Progress: 1,100,000/1,658,259 (66.3%) - ETA: 1.8 min
2025-11-21 14:22:28,595 - Progress: 1,150,000/1,658,259 (69.3%) - ETA: 1.6 min
2025-11-21 14:22:36,687 - Progress: 1,200,000/1,658,259 (72.4%) - ETA: 1.5 min
2025-11-21 14:22:44,906 - Progress: 1,250,000/1,658,259 (75.4%) - ETA: 1.3 min
2025-11-21 14:22:53,042 - Progress: 1,300,000/1,658,259 (78.4%) - ETA: 1.1 min
2025-11-21 14:23:01,194 - Progress: 1,350,000/1,658,259 (81.4%) - ETA: 1.0 min
2025-11-21 14:23:09,370 - Progress: 1,400,000/1,658,259 (84.4%) - ETA: 0.8 min
2025-11-21 14:23:17,478 - Progress: 1,450,000/1,658,259 (87.4%) - ETA: 0.6 min
2025-11-21 14:23:27,672 - Progress: 1,500,000/1,658,259 (90.5%) - ETA: 0.5 min
2025-11-21 14:23:36,054 - Progress: 1,550,000/1,658,259 (93.5%) - ETA: 0.3 min
2025-11-21 14:23:44,238 - Progress: 1,600,000/1,658,259 (96.5%) - ETA: 0.2 min
2025-11-21 14:23:52,400 - Progress: 1,650,000/1,658,259 (99.5%) - ETA: 0.0 min
2025-11-21 14:23:53,762 - Progress: 1,658,259/1,658,259 (100.0%) - ETA: 0.0 min
2025-11-21 14:23:53,802 - 
2025-11-21 14:23:53,846 - ================================================================================
2025-11-21 14:23:53,846 - Importing C:\Users\patel\OneDrive - SARDAR VALLABHBHAI PATEL INSTITUTE OF TECHNOLOGY, SVIT\Desktop\UWin\Semester 2\ADT\Project\Project\datasets\2024_Q2.csv into Q2
2025-11-21 14:23:53,846 - ================================================================================
2025-11-21 14:23:53,846 - Reading CSV file...
2025-11-21 14:23:58,410 - Loaded 1,803,080 rows from CSV
2025-11-21 14:23:58,515 - Unique carriers found: ['9E', 'AA', 'AS', 'B6', 'DL', 'F9', 'G4', 'HA', 'MQ', 'NK', 'OH', 'OO', 'UA', 'WN', 'YX']
2025-11-21 14:23:58,515 - Converting data types for SQL Server compatibility...
2025-11-21 14:24:12,876 - Starting bulk insert in batches of 10,000...
2025-11-21 14:24:21,059 - Progress: 50,000/1,803,080 (2.8%) - ETA: 15.9 min
2025-11-21 14:24:29,922 - Progress: 100,000/1,803,080 (5.5%) - ETA: 10.2 min
2025-11-21 14:24:40,019 - Progress: 150,000/1,803,080 (8.3%) - ETA: 8.5 min
2025-11-21 14:24:48,244 - Progress: 200,000/1,803,080 (11.1%) - ETA: 7.3 min
2025-11-21 14:24:56,406 - Progress: 250,000/1,803,080 (13.9%) - ETA: 6.5 min
2025-11-21 14:25:09,462 - Progress: 300,000/1,803,080 (16.6%) - ETA: 6.3 min
2025-11-21 14:25:20,036 - Progress: 350,000/1,803,080 (19.4%) - ETA: 6.0 min
2025-11-21 14:25:30,669 - Progress: 400,000/1,803,080 (22.2%) - ETA: 5.7 min
2025-11-21 14:25:43,923 - Progress: 450,000/1,803,080 (25.0%) - ETA: 5.5 min
2025-11-21 14:25:54,144 - Progress: 500,000/1,803,080 (27.7%) - ETA: 5.2 min
2025-11-21 14:26:02,459 - Progress: 550,000/1,803,080 (30.5%) - ETA: 4.9 min
2025-11-21 14:26:10,612 - Progress: 600,000/1,803,080 (33.3%) - ETA: 4.6 min
2025-11-21 14:26:18,816 - Progress: 650,000/1,803,080 (36.0%) - ETA: 4.3 min
2025-11-21 14:26:27,027 - Progress: 700,000/1,803,080 (38.8%) - ETA: 4.0 min
2025-11-21 14:26:35,692 - Progress: 750,000/1,803,080 (41.6%) - ETA: 3.8 min
2025-11-21 14:26:49,884 - Progress: 800,000/1,803,080 (44.4%) - ETA: 3.7 min
2025-11-21 14:26:59,913 - Progress: 850,000/1,803,080 (47.1%) - ETA: 3.5 min
2025-11-21 14:27:08,306 - Progress: 900,000/1,803,080 (49.9%) - ETA: 3.3 min
2025-11-21 14:27:16,612 - Progress: 950,000/1,803,080 (52.7%) - ETA: 3.0 min
2025-11-21 14:27:24,870 - Progress: 1,000,000/1,803,080 (55.5%) - ETA: 2.8 min
2025-11-21 14:27:33,041 - Progress: 1,050,000/1,803,080 (58.2%) - ETA: 2.6 min
2025-11-21 14:27:41,294 - Progress: 1,100,000/1,803,080 (61.0%) - ETA: 2.4 min
2025-11-21 14:27:52,377 - Progress: 1,150,000/1,803,080 (63.8%) - ETA: 2.3 min
2025-11-21 14:28:00,696 - Progress: 1,200,000/1,803,080 (66.6%) - ETA: 2.1 min
2025-11-21 14:28:08,902 - Progress: 1,250,000/1,803,080 (69.3%) - ETA: 1.9 min
2025-11-21 14:28:17,024 - Progress: 1,300,000/1,803,080 (72.1%) - ETA: 1.7 min
2025-11-21 14:28:25,264 - Progress: 1,350,000/1,803,080 (74.9%) - ETA: 1.5 min
2025-11-21 14:28:33,500 - Progress: 1,400,000/1,803,080 (77.6%) - ETA: 1.3 min
2025-11-21 14:28:41,681 - Progress: 1,450,000/1,803,080 (80.4%) - ETA: 1.2 min
2025-11-21 14:28:49,908 - Progress: 1,500,000/1,803,080 (83.2%) - ETA: 1.0 min
2025-11-21 14:29:00,359 - Progress: 1,550,000/1,803,080 (86.0%) - ETA: 0.8 min
2025-11-21 14:29:08,563 - Progress: 1,600,000/1,803,080 (88.7%) - ETA: 0.7 min
2025-11-21 14:29:16,783 - Progress: 1,650,000/1,803,080 (91.5%) - ETA: 0.5 min
2025-11-21 14:29:24,962 - Progress: 1,700,000/1,803,080 (94.3%) - ETA: 0.3 min
2025-11-21 14:29:33,163 - Progress: 1,750,000/1,803,080 (97.1%) - ETA: 0.2 min
2025-11-21 14:29:41,334 - Progress: 1,800,000/1,803,080 (99.8%) - ETA: 0.0 min
2025-11-21 14:29:41,860 - Progress: 1,803,080/1,803,080 (100.0%) - ETA: 0.0 min
2025-11-21 14:29:41,861 - 
2025-11-21 14:29:41,909 - ================================================================================
2025-11-21 14:29:41,909 - Importing C:\Users\patel\OneDrive - SARDAR VALLABHBHAI PATEL INSTITUTE OF TECHNOLOGY, SVIT\Desktop\UWin\Semester 2\ADT\Project\Project\datasets\2024_Q3.csv into Q3
2025-11-21 14:29:41,910 - ================================================================================
2025-11-21 14:29:41,910 - Reading CSV file...
2025-11-21 14:29:46,560 - Loaded 1,836,260 rows from CSV
2025-11-21 14:29:46,670 - Unique carriers found: ['9E', 'AA', 'AS', 'B6', 'DL', 'F9', 'G4', 'HA', 'MQ', 'NK', 'OH', 'OO', 'UA', 'WN', 'YX']
2025-11-21 14:29:46,670 - Converting data types for SQL Server compatibility...
2025-11-21 14:30:01,380 - Starting bulk insert in batches of 10,000...
2025-11-21 14:30:10,912 - Progress: 50,000/1,836,260 (2.7%) - ETA: 17.3 min
2025-11-21 14:30:19,094 - Progress: 100,000/1,836,260 (5.4%) - ETA: 10.8 min
2025-11-21 14:30:27,265 - Progress: 150,000/1,836,260 (8.2%) - ETA: 8.5 min
2025-11-21 14:30:35,439 - Progress: 200,000/1,836,260 (10.9%) - ETA: 7.3 min
2025-11-21 14:30:43,751 - Progress: 250,000/1,836,260 (13.6%) - ETA: 6.5 min
2025-11-21 14:30:51,982 - Progress: 300,000/1,836,260 (16.3%) - ETA: 6.0 min
2025-11-21 14:31:00,169 - Progress: 350,000/1,836,260 (19.1%) - ETA: 5.5 min
2025-11-21 14:31:10,707 - Progress: 400,000/1,836,260 (21.8%) - ETA: 5.3 min
2025-11-21 14:31:18,860 - Progress: 450,000/1,836,260 (24.5%) - ETA: 5.0 min
2025-11-21 14:31:27,050 - Progress: 500,000/1,836,260 (27.2%) - ETA: 4.7 min
2025-11-21 14:31:35,169 - Progress: 550,000/1,836,260 (30.0%) - ETA: 4.4 min
2025-11-21 14:31:43,392 - Progress: 600,000/1,836,260 (32.7%) - ETA: 4.2 min
2025-11-21 14:31:52,404 - Progress: 650,000/1,836,260 (35.4%) - ETA: 4.0 min
2025-11-21 14:32:00,702 - Progress: 700,000/1,836,260 (38.1%) - ETA: 3.8 min
2025-11-21 14:32:08,894 - Progress: 750,000/1,836,260 (40.8%) - ETA: 3.5 min
2025-11-21 14:32:19,743 - Progress: 800,000/1,836,260 (43.6%) - ETA: 3.4 min
2025-11-21 14:32:27,887 - Progress: 850,000/1,836,260 (46.3%) - ETA: 3.2 min
2025-11-21 14:32:36,103 - Progress: 900,000/1,836,260 (49.0%) - ETA: 3.0 min
2025-11-21 14:32:44,289 - Progress: 950,000/1,836,260 (51.7%) - ETA: 2.8 min
2025-11-21 14:32:53,137 - Progress: 1,000,000/1,836,260 (54.5%) - ETA: 2.7 min
2025-11-21 14:33:03,741 - Progress: 1,050,000/1,836,260 (57.2%) - ETA: 2.5 min
2025-11-21 14:33:12,664 - Progress: 1,100,000/1,836,260 (59.9%) - ETA: 2.4 min
2025-11-21 14:33:23,463 - Progress: 1,150,000/1,836,260 (62.6%) - ETA: 2.2 min
2025-11-21 14:33:31,625 - Progress: 1,200,000/1,836,260 (65.4%) - ETA: 2.0 min
2025-11-21 14:33:39,843 - Progress: 1,250,000/1,836,260 (68.1%) - ETA: 1.9 min
2025-11-21 14:33:48,047 - Progress: 1,300,000/1,836,260 (70.8%) - ETA: 1.7 min
2025-11-21 14:33:56,242 - Progress: 1,350,000/1,836,260 (73.5%) - ETA: 1.5 min
2025-11-21 14:34:04,465 - Progress: 1,400,000/1,836,260 (76.2%) - ETA: 1.4 min
2025-11-21 14:34:12,604 - Progress: 1,450,000/1,836,260 (79.0%) - ETA: 1.2 min
2025-11-21 14:34:20,817 - Progress: 1,500,000/1,836,260 (81.7%) - ETA: 1.0 min
2025-11-21 14:34:30,858 - Progress: 1,550,000/1,836,260 (84.4%) - ETA: 0.9 min
2025-11-21 14:34:39,020 - Progress: 1,600,000/1,836,260 (87.1%) - ETA: 0.7 min
2025-11-21 14:34:47,269 - Progress: 1,650,000/1,836,260 (89.9%) - ETA: 0.6 min
2025-11-21 14:34:55,413 - Progress: 1,700,000/1,836,260 (92.6%) - ETA: 0.4 min
2025-11-21 14:35:04,115 - Progress: 1,750,000/1,836,260 (95.3%) - ETA: 0.3 min
2025-11-21 14:35:13,061 - Progress: 1,800,000/1,836,260 (98.0%) - ETA: 0.1 min
2025-11-21 14:35:19,207 - Progress: 1,836,260/1,836,260 (100.0%) - ETA: 0.0 min
2025-11-21 14:35:19,208 - 
2025-11-21 14:35:19,255 - ================================================================================
2025-11-21 14:35:19,255 - Importing C:\Users\patel\OneDrive - SARDAR VALLABHBHAI PATEL INSTITUTE OF TECHNOLOGY, SVIT\Desktop\UWin\Semester 2\ADT\Project\Project\datasets\2024_Q4.csv into Q4
2025-11-21 14:35:19,255 - ================================================================================
2025-11-21 14:35:19,255 - Reading CSV file...
2025-11-21 14:35:23,966 - Loaded 1,781,482 rows from CSV
2025-11-21 14:35:24,074 - Unique carriers found: ['9E', 'AA', 'AS', 'B6', 'DL', 'F9', 'G4', 'HA', 'MQ', 'NK', 'OH', 'OO', 'UA', 'WN', 'YX']
2025-11-21 14:35:24,074 - Converting data types for SQL Server compatibility...
2025-11-21 14:35:38,476 - Starting bulk insert in batches of 10,000...
2025-11-21 14:35:46,869 - Progress: 50,000/1,781,482 (2.8%) - ETA: 15.9 min
2025-11-21 14:35:55,691 - Progress: 100,000/1,781,482 (5.6%) - ETA: 10.2 min
2025-11-21 14:36:05,645 - Progress: 150,000/1,781,482 (8.4%) - ETA: 8.4 min
2025-11-21 14:36:14,958 - Progress: 200,000/1,781,482 (11.2%) - ETA: 7.3 min
2025-11-21 14:36:23,129 - Progress: 250,000/1,781,482 (14.0%) - ETA: 6.5 min
2025-11-21 14:36:31,245 - Progress: 300,000/1,781,482 (16.8%) - ETA: 5.9 min
2025-11-21 14:36:41,981 - Progress: 350,000/1,781,482 (19.6%) - ETA: 5.6 min
2025-11-21 14:36:50,224 - Progress: 400,000/1,781,482 (22.5%) - ETA: 5.2 min
2025-11-21 14:36:58,547 - Progress: 450,000/1,781,482 (25.3%) - ETA: 4.9 min
2025-11-21 14:37:06,766 - Progress: 500,000/1,781,482 (28.1%) - ETA: 4.6 min
2025-11-21 14:37:14,994 - Progress: 550,000/1,781,482 (30.9%) - ETA: 4.3 min
2025-11-21 14:37:23,205 - Progress: 600,000/1,781,482 (33.7%) - ETA: 4.1 min
2025-11-21 14:37:33,070 - Progress: 650,000/1,781,482 (36.5%) - ETA: 3.9 min
2025-11-21 14:37:44,805 - Progress: 700,000/1,781,482 (39.3%) - ETA: 3.7 min
2025-11-21 14:37:58,137 - Progress: 750,000/1,781,482 (42.1%) - ETA: 3.6 min
2025-11-21 14:38:09,032 - Progress: 800,000/1,781,482 (44.9%) - ETA: 3.5 min
2025-11-21 14:38:17,225 - Progress: 850,000/1,781,482 (47.7%) - ETA: 3.3 min
2025-11-21 14:38:25,512 - Progress: 900,000/1,781,482 (50.5%) - ETA: 3.0 min
2025-11-21 14:38:34,471 - Progress: 950,000/1,781,482 (53.3%) - ETA: 2.8 min
2025-11-21 14:38:44,010 - Progress: 1,000,000/1,781,482 (56.1%) - ETA: 2.7 min
2025-11-21 14:38:58,447 - Progress: 1,050,000/1,781,482 (58.9%) - ETA: 2.5 min
2025-11-21 14:39:13,495 - Progress: 1,100,000/1,781,482 (61.7%) - ETA: 2.4 min
2025-11-21 14:39:24,411 - Progress: 1,150,000/1,781,482 (64.6%) - ETA: 2.2 min
2025-11-21 14:39:36,079 - Progress: 1,200,000/1,781,482 (67.4%) - ETA: 2.1 min
2025-11-21 14:39:44,518 - Progress: 1,250,000/1,781,482 (70.2%) - ETA: 1.9 min
2025-11-21 14:39:55,299 - Progress: 1,300,000/1,781,482 (73.0%) - ETA: 1.7 min
2025-11-21 14:40:03,514 - Progress: 1,350,000/1,781,482 (75.8%) - ETA: 1.5 min
2025-11-21 14:40:11,743 - Progress: 1,400,000/1,781,482 (78.6%) - ETA: 1.3 min
2025-11-21 14:40:20,958 - Progress: 1,450,000/1,781,482 (81.4%) - ETA: 1.1 min
2025-11-21 14:40:29,234 - Progress: 1,500,000/1,781,482 (84.2%) - ETA: 1.0 min
2025-11-21 14:40:37,470 - Progress: 1,550,000/1,781,482 (87.0%) - ETA: 0.8 min
2025-11-21 14:40:45,612 - Progress: 1,600,000/1,781,482 (89.8%) - ETA: 0.6 min
2025-11-21 14:40:53,887 - Progress: 1,650,000/1,781,482 (92.6%) - ETA: 0.4 min
2025-11-21 14:41:04,238 - Progress: 1,700,000/1,781,482 (95.4%) - ETA: 0.3 min
2025-11-21 14:41:12,531 - Progress: 1,750,000/1,781,482 (98.2%) - ETA: 0.1 min
2025-11-21 14:41:17,655 - Progress: 1,781,482/1,781,482 (100.0%) - ETA: 0.0 min
2025-11-21 14:41:17,657 - 
2025-11-21 14:41:17,699 - ================================================================================
2025-11-21 14:41:17,699 - ALL IMPORTS COMPLETED SUCCESSFULLY!
2025-11-21 14:41:17,699 - ================================================================================
2025-11-21 14:41:17,699 - 
Verifying imports...
2025-11-21 14:41:18,420 -   Q1: 1,658,259 records
2025-11-21 14:41:19,217 -   Q2: 1,803,080 records
2025-11-21 14:41:20,030 -   Q3: 1,836,260 records
2025-11-21 14:41:20,799 -   Q4: 1,781,482 records
2025-11-21 14:41:20,800 - 
Checking carrier codes...
2025-11-21 14:41:24,978 -   Unique carriers: ['9E', 'AA', 'AS', 'B6', 'DL', 'F9', 'G4', 'HA', 'MQ', 'NK', 'OH', 'OO', 'UA', 'WN', 'YX']
2025-11-21 14:41:24,978 -   Total carriers: 15
2025-11-21 14:41:24,979 - 
Total execution time: 22.6 minutes
2025-11-21 14:41:24,979 - ================================================================================
2025-11-21 14:41:24,981 - ================================================================================
