2025-11-22 14:17:02,109 - INFO - ================================================================================
2025-11-22 14:17:02,109 - INFO - FINAL ETL PIPELINE STARTED (Float Fix Applied)
2025-11-22 14:17:02,109 - INFO - Start Time: 2025-11-22 14:17:02.108980
2025-11-22 14:17:02,110 - INFO - Configuration: 25 cols, 15 airlines, 100% DQ, >70% clean required
2025-11-22 14:17:02,110 - INFO - ================================================================================
2025-11-22 14:17:02,312 - INFO - Database connection established
2025-11-22 14:17:02,312 - INFO - 
================================================================================
2025-11-22 14:17:02,313 - INFO - STEP 1: LOADING DIMENSION TABLES
2025-11-22 14:17:02,313 - INFO - ================================================================================
2025-11-22 14:17:02,313 - INFO - Loading Dim_Date (only dates with flights)...
2025-11-22 14:17:02,374 - INFO - Database connection established
2025-11-22 14:17:08,677 - INFO - Extracted 366 unique dates
2025-11-22 14:17:08,677 - INFO - Starting bulk insert: 366 rows into Dim_Date
2025-11-22 14:17:08,871 - INFO - Progress: 366/366 rows (100.0%)
2025-11-22 14:17:08,871 - INFO - Bulk insert completed: 366 rows into Dim_Date
2025-11-22 14:17:08,871 - INFO - Dim_Date loaded successfully
2025-11-22 14:17:08,872 - INFO - Loading Dim_Airline (with full names)...
2025-11-22 14:17:08,872 - INFO - Database connection established
2025-11-22 14:17:12,595 - INFO - Extracted 15 unique airlines
2025-11-22 14:17:12,596 - INFO -   DL: Delta Air Lines
2025-11-22 14:17:12,596 - INFO -   AS: Alaska Airlines
2025-11-22 14:17:12,596 - INFO -   MQ: Envoy Air
2025-11-22 14:17:12,596 - INFO -   B6: JetBlue Airways
2025-11-22 14:17:12,596 - INFO -   F9: Frontier Airlines
2025-11-22 14:17:12,596 - INFO -   UA: United Airlines
2025-11-22 14:17:12,597 - INFO -   OO: SkyWest Airlines
2025-11-22 14:17:12,597 - INFO -   AA: American Airlines
2025-11-22 14:17:12,597 - INFO -   HA: Hawaiian Airlines
2025-11-22 14:17:12,597 - INFO -   9E: Endeavor Air
2025-11-22 14:17:12,597 - INFO -   OH: PSA Airlines
2025-11-22 14:17:12,597 - INFO -   NK: Spirit Airlines
2025-11-22 14:17:12,597 - INFO -   WN: Southwest Airlines
2025-11-22 14:17:12,597 - INFO -   G4: Allegiant Air
2025-11-22 14:17:12,598 - INFO -   YX: Republic Airways
2025-11-22 14:17:12,598 - INFO - Starting bulk insert: 15 rows into Dim_Airline
2025-11-22 14:17:12,608 - INFO - Progress: 15/15 rows (100.0%)
2025-11-22 14:17:12,609 - INFO - Bulk insert completed: 15 rows into Dim_Airline
2025-11-22 14:17:12,609 - INFO - Dim_Airline loaded successfully
2025-11-22 14:17:12,609 - INFO - Loading Dim_Airport (airport codes only)...
2025-11-22 14:17:12,609 - INFO - Database connection established
2025-11-22 14:17:20,155 - INFO - Extracted 348 unique airport codes
2025-11-22 14:17:20,155 - INFO - Starting bulk insert: 348 rows into Dim_Airport
2025-11-22 14:17:20,231 - INFO - Progress: 348/348 rows (100.0%)
2025-11-22 14:17:20,231 - INFO - Bulk insert completed: 348 rows into Dim_Airport
2025-11-22 14:17:20,232 - INFO - Dim_Airport loaded successfully
2025-11-22 14:17:20,232 - INFO - All dimensions loaded successfully!
2025-11-22 14:17:20,232 - INFO - 
================================================================================
2025-11-22 14:17:20,232 - INFO - STEP 2: LOADING FACT TABLES
2025-11-22 14:17:20,232 - INFO - ================================================================================
2025-11-22 14:17:20,232 - INFO - ================================================================================
2025-11-22 14:17:20,232 - INFO - Processing Quarter: Q1
2025-11-22 14:17:20,232 - INFO - ================================================================================
2025-11-22 14:17:20,234 - INFO - Database connection established
2025-11-22 14:17:20,234 - INFO - Extracting 25 columns from Q1...
2025-11-22 14:17:47,359 - INFO - Extracted 1,658,259 records
2025-11-22 14:17:47,363 - INFO - Applying DQ checks to Q1: 1,658,259 records (100% validation)
2025-11-22 14:17:51,369 - INFO - Validation progress: 50,000/1,658,259 (3.0%) - ETA: 2.1 min
2025-11-22 14:17:53,250 - INFO - Validation progress: 100,000/1,658,259 (6.0%) - ETA: 1.5 min
2025-11-22 14:17:55,162 - INFO - Validation progress: 150,000/1,658,259 (9.0%) - ETA: 1.3 min
2025-11-22 14:17:57,088 - INFO - Validation progress: 200,000/1,658,259 (12.1%) - ETA: 1.2 min
2025-11-22 14:17:59,020 - INFO - Validation progress: 250,000/1,658,259 (15.1%) - ETA: 1.1 min
2025-11-22 14:18:00,953 - INFO - Validation progress: 300,000/1,658,259 (18.1%) - ETA: 1.0 min
2025-11-22 14:18:02,847 - INFO - Validation progress: 350,000/1,658,259 (21.1%) - ETA: 1.0 min
2025-11-22 14:18:04,722 - INFO - Validation progress: 400,000/1,658,259 (24.1%) - ETA: 0.9 min
2025-11-22 14:18:06,613 - INFO - Validation progress: 450,000/1,658,259 (27.1%) - ETA: 0.9 min
2025-11-22 14:18:08,523 - INFO - Validation progress: 500,000/1,658,259 (30.2%) - ETA: 0.8 min
2025-11-22 14:18:10,401 - INFO - Validation progress: 550,000/1,658,259 (33.2%) - ETA: 0.8 min
2025-11-22 14:18:12,274 - INFO - Validation progress: 600,000/1,658,259 (36.2%) - ETA: 0.7 min
2025-11-22 14:18:14,161 - INFO - Validation progress: 650,000/1,658,259 (39.2%) - ETA: 0.7 min
2025-11-22 14:18:16,034 - INFO - Validation progress: 700,000/1,658,259 (42.2%) - ETA: 0.7 min
2025-11-22 14:18:17,905 - INFO - Validation progress: 750,000/1,658,259 (45.2%) - ETA: 0.6 min
2025-11-22 14:18:19,779 - INFO - Validation progress: 800,000/1,658,259 (48.2%) - ETA: 0.6 min
2025-11-22 14:18:21,650 - INFO - Validation progress: 850,000/1,658,259 (51.3%) - ETA: 0.5 min
2025-11-22 14:18:23,558 - INFO - Validation progress: 900,000/1,658,259 (54.3%) - ETA: 0.5 min
2025-11-22 14:18:25,424 - INFO - Validation progress: 950,000/1,658,259 (57.3%) - ETA: 0.5 min
2025-11-22 14:18:27,293 - INFO - Validation progress: 1,000,000/1,658,259 (60.3%) - ETA: 0.4 min
2025-11-22 14:18:29,188 - INFO - Validation progress: 1,050,000/1,658,259 (63.3%) - ETA: 0.4 min
2025-11-22 14:18:31,054 - INFO - Validation progress: 1,100,000/1,658,259 (66.3%) - ETA: 0.4 min
2025-11-22 14:18:32,922 - INFO - Validation progress: 1,150,000/1,658,259 (69.3%) - ETA: 0.3 min
2025-11-22 14:18:34,790 - INFO - Validation progress: 1,200,000/1,658,259 (72.4%) - ETA: 0.3 min
2025-11-22 14:18:36,662 - INFO - Validation progress: 1,250,000/1,658,259 (75.4%) - ETA: 0.3 min
2025-11-22 14:18:38,522 - INFO - Validation progress: 1,300,000/1,658,259 (78.4%) - ETA: 0.2 min
2025-11-22 14:18:40,397 - INFO - Validation progress: 1,350,000/1,658,259 (81.4%) - ETA: 0.2 min
2025-11-22 14:18:42,266 - INFO - Validation progress: 1,400,000/1,658,259 (84.4%) - ETA: 0.2 min
2025-11-22 14:18:44,125 - INFO - Validation progress: 1,450,000/1,658,259 (87.4%) - ETA: 0.1 min
2025-11-22 14:18:45,989 - INFO - Validation progress: 1,500,000/1,658,259 (90.5%) - ETA: 0.1 min
2025-11-22 14:18:47,855 - INFO - Validation progress: 1,550,000/1,658,259 (93.5%) - ETA: 0.1 min
2025-11-22 14:18:49,723 - INFO - Validation progress: 1,600,000/1,658,259 (96.5%) - ETA: 0.0 min
2025-11-22 14:18:51,704 - INFO - Validation progress: 1,650,000/1,658,259 (99.5%) - ETA: 0.0 min
2025-11-22 14:18:52,039 - INFO - Validation completed in 64.7 seconds
2025-11-22 14:18:54,829 - INFO - Q1 DQ Results: 1,629,231 clean (98.25%), 29,028 quarantined (1.75%)
2025-11-22 14:18:55,515 - INFO - Saving 29,028 quarantined records...
2025-11-22 14:18:55,561 - INFO - Starting bulk insert: 29,028 rows into FlightData_Quarantine
2025-11-22 14:19:04,362 - INFO - Progress: 29,028/29,028 rows (100.0%)
2025-11-22 14:19:04,363 - INFO - Bulk insert completed: 29,028 rows into FlightData_Quarantine
2025-11-22 14:19:04,369 - INFO - Quarantined records saved
2025-11-22 14:19:05,051 - INFO - Excluded 0 cancelled flights, 1,629,231 remaining
2025-11-22 14:19:05,051 - INFO - Building dimension key lookups...
2025-11-22 14:19:09,341 - INFO - Records with valid FKs: 1,629,231
2025-11-22 14:19:09,342 - INFO - Cleaning invalid float values...
2025-11-22 14:19:09,595 - INFO - Loading Fact_FlightPerformance...
2025-11-22 14:19:10,942 - INFO - Starting bulk insert: 1,629,231 rows into Fact_FlightPerformance
2025-11-22 14:19:28,137 - INFO - Progress: 50,000/1,629,231 rows (3.1%)
2025-11-22 14:19:37,809 - INFO - Progress: 100,000/1,629,231 rows (6.1%)
2025-11-22 14:19:47,399 - INFO - Progress: 150,000/1,629,231 rows (9.2%)
2025-11-22 14:19:57,125 - INFO - Progress: 200,000/1,629,231 rows (12.3%)
2025-11-22 14:20:09,268 - INFO - Progress: 250,000/1,629,231 rows (15.3%)
2025-11-22 14:20:18,961 - INFO - Progress: 300,000/1,629,231 rows (18.4%)
2025-11-22 14:20:28,762 - INFO - Progress: 350,000/1,629,231 rows (21.5%)
2025-11-22 14:20:38,749 - INFO - Progress: 400,000/1,629,231 rows (24.6%)
2025-11-22 14:20:55,288 - INFO - Progress: 450,000/1,629,231 rows (27.6%)
2025-11-22 14:21:08,183 - INFO - Progress: 500,000/1,629,231 rows (30.7%)
2025-11-22 14:21:25,904 - INFO - Progress: 550,000/1,629,231 rows (33.8%)
2025-11-22 14:21:41,576 - INFO - Progress: 600,000/1,629,231 rows (36.8%)
2025-11-22 14:21:56,437 - INFO - Progress: 650,000/1,629,231 rows (39.9%)
2025-11-22 14:22:09,486 - INFO - Progress: 700,000/1,629,231 rows (43.0%)
2025-11-22 14:22:24,560 - INFO - Progress: 750,000/1,629,231 rows (46.0%)
2025-11-22 14:22:36,551 - INFO - Progress: 800,000/1,629,231 rows (49.1%)
2025-11-22 14:22:48,101 - INFO - Progress: 850,000/1,629,231 rows (52.2%)
2025-11-22 14:22:57,952 - INFO - Progress: 900,000/1,629,231 rows (55.2%)
2025-11-22 14:23:08,901 - INFO - Progress: 950,000/1,629,231 rows (58.3%)
2025-11-22 14:23:18,943 - INFO - Progress: 1,000,000/1,629,231 rows (61.4%)
2025-11-22 14:23:32,398 - INFO - Progress: 1,050,000/1,629,231 rows (64.4%)
2025-11-22 14:23:47,161 - INFO - Progress: 1,100,000/1,629,231 rows (67.5%)
2025-11-22 14:24:02,339 - INFO - Progress: 1,150,000/1,629,231 rows (70.6%)
2025-11-22 14:24:17,137 - INFO - Progress: 1,200,000/1,629,231 rows (73.7%)
2025-11-22 14:24:31,435 - INFO - Progress: 1,250,000/1,629,231 rows (76.7%)
2025-11-22 14:24:41,064 - INFO - Progress: 1,300,000/1,629,231 rows (79.8%)
2025-11-22 14:24:50,691 - INFO - Progress: 1,350,000/1,629,231 rows (82.9%)
2025-11-22 14:25:00,263 - INFO - Progress: 1,400,000/1,629,231 rows (85.9%)
2025-11-22 14:25:10,207 - INFO - Progress: 1,450,000/1,629,231 rows (89.0%)
2025-11-22 14:25:20,081 - INFO - Progress: 1,500,000/1,629,231 rows (92.1%)
2025-11-22 14:25:29,796 - INFO - Progress: 1,550,000/1,629,231 rows (95.1%)
2025-11-22 14:25:41,203 - INFO - Progress: 1,600,000/1,629,231 rows (98.2%)
2025-11-22 14:25:46,896 - INFO - Progress: 1,629,231/1,629,231 rows (100.0%)
2025-11-22 14:25:46,896 - INFO - Bulk insert completed: 1,629,231 rows into Fact_FlightPerformance
2025-11-22 14:25:46,958 - INFO - Loading Fact_Delays...
2025-11-22 14:26:13,045 - INFO - Starting bulk insert: 1,629,231 rows into Fact_Delays
2025-11-22 14:26:26,815 - INFO - Progress: 50,000/1,629,231 rows (3.1%)
2025-11-22 14:26:35,781 - INFO - Progress: 100,000/1,629,231 rows (6.1%)
2025-11-22 14:26:46,311 - INFO - Progress: 150,000/1,629,231 rows (9.2%)
2025-11-22 14:26:55,800 - INFO - Progress: 200,000/1,629,231 rows (12.3%)
2025-11-22 14:27:05,262 - INFO - Progress: 250,000/1,629,231 rows (15.3%)
2025-11-22 14:27:14,707 - INFO - Progress: 300,000/1,629,231 rows (18.4%)
2025-11-22 14:27:24,107 - INFO - Progress: 350,000/1,629,231 rows (21.5%)
2025-11-22 14:27:43,521 - INFO - Progress: 400,000/1,629,231 rows (24.6%)
2025-11-22 14:28:08,084 - INFO - Progress: 450,000/1,629,231 rows (27.6%)
2025-11-22 14:28:30,581 - INFO - Progress: 500,000/1,629,231 rows (30.7%)
2025-11-22 14:28:52,927 - INFO - Progress: 550,000/1,629,231 rows (33.8%)
2025-11-22 14:29:13,066 - INFO - Progress: 600,000/1,629,231 rows (36.8%)
2025-11-22 14:29:31,411 - INFO - Progress: 650,000/1,629,231 rows (39.9%)
2025-11-22 14:29:40,973 - INFO - Progress: 700,000/1,629,231 rows (43.0%)
2025-11-22 14:29:50,328 - INFO - Progress: 750,000/1,629,231 rows (46.0%)
2025-11-22 14:30:01,727 - INFO - Progress: 800,000/1,629,231 rows (49.1%)
2025-11-22 14:30:11,395 - INFO - Progress: 850,000/1,629,231 rows (52.2%)
2025-11-22 14:30:20,830 - INFO - Progress: 900,000/1,629,231 rows (55.2%)
2025-11-22 14:30:30,394 - INFO - Progress: 950,000/1,629,231 rows (58.3%)
2025-11-22 14:30:39,948 - INFO - Progress: 1,000,000/1,629,231 rows (61.4%)
2025-11-22 14:30:49,438 - INFO - Progress: 1,050,000/1,629,231 rows (64.4%)
2025-11-22 14:30:59,051 - INFO - Progress: 1,100,000/1,629,231 rows (67.5%)
2025-11-22 14:31:10,019 - INFO - Progress: 1,150,000/1,629,231 rows (70.6%)
2025-11-22 14:31:19,674 - INFO - Progress: 1,200,000/1,629,231 rows (73.7%)
2025-11-22 14:31:29,412 - INFO - Progress: 1,250,000/1,629,231 rows (76.7%)
2025-11-22 14:31:38,834 - INFO - Progress: 1,300,000/1,629,231 rows (79.8%)
2025-11-22 14:31:48,213 - INFO - Progress: 1,350,000/1,629,231 rows (82.9%)
2025-11-22 14:31:57,688 - INFO - Progress: 1,400,000/1,629,231 rows (85.9%)
2025-11-22 14:32:07,414 - INFO - Progress: 1,450,000/1,629,231 rows (89.0%)
2025-11-22 14:32:19,475 - INFO - Progress: 1,500,000/1,629,231 rows (92.1%)
2025-11-22 14:32:30,094 - INFO - Progress: 1,550,000/1,629,231 rows (95.1%)
2025-11-22 14:32:39,815 - INFO - Progress: 1,600,000/1,629,231 rows (98.2%)
2025-11-22 14:32:45,328 - INFO - Progress: 1,629,231/1,629,231 rows (100.0%)
2025-11-22 14:32:45,330 - INFO - Bulk insert completed: 1,629,231 rows into Fact_Delays
2025-11-22 14:32:45,381 - INFO - Saving DQ metrics...
2025-11-22 14:32:45,391 - INFO - Starting bulk insert: 1 rows into DQ_Metrics
2025-11-22 14:32:45,404 - INFO - Progress: 1/1 rows (100.0%)
2025-11-22 14:32:45,404 - INFO - Bulk insert completed: 1 rows into DQ_Metrics
2025-11-22 14:32:45,405 - INFO - Q1 completed: 1,629,231 loaded, 29,028 quarantined
2025-11-22 14:32:46,463 - INFO - ================================================================================
2025-11-22 14:32:46,464 - INFO - Processing Quarter: Q2
2025-11-22 14:32:46,464 - INFO - ================================================================================
2025-11-22 14:32:46,500 - INFO - Database connection established
2025-11-22 14:32:46,500 - INFO - Extracting 25 columns from Q2...
2025-11-22 14:33:01,830 - INFO - Extracted 1,803,080 records
2025-11-22 14:33:01,833 - INFO - Applying DQ checks to Q2: 1,803,080 records (100% validation)
2025-11-22 14:33:05,289 - INFO - Validation progress: 50,000/1,803,080 (2.8%) - ETA: 2.0 min
2025-11-22 14:33:07,224 - INFO - Validation progress: 100,000/1,803,080 (5.5%) - ETA: 1.5 min
2025-11-22 14:33:09,135 - INFO - Validation progress: 150,000/1,803,080 (8.3%) - ETA: 1.3 min
2025-11-22 14:33:11,022 - INFO - Validation progress: 200,000/1,803,080 (11.1%) - ETA: 1.2 min
2025-11-22 14:33:12,898 - INFO - Validation progress: 250,000/1,803,080 (13.9%) - ETA: 1.1 min
2025-11-22 14:33:14,781 - INFO - Validation progress: 300,000/1,803,080 (16.6%) - ETA: 1.1 min
2025-11-22 14:33:16,673 - INFO - Validation progress: 350,000/1,803,080 (19.4%) - ETA: 1.0 min
2025-11-22 14:33:18,564 - INFO - Validation progress: 400,000/1,803,080 (22.2%) - ETA: 1.0 min
2025-11-22 14:33:20,483 - INFO - Validation progress: 450,000/1,803,080 (25.0%) - ETA: 0.9 min
2025-11-22 14:33:22,352 - INFO - Validation progress: 500,000/1,803,080 (27.7%) - ETA: 0.9 min
2025-11-22 14:33:24,226 - INFO - Validation progress: 550,000/1,803,080 (30.5%) - ETA: 0.8 min
2025-11-22 14:33:26,095 - INFO - Validation progress: 600,000/1,803,080 (33.3%) - ETA: 0.8 min
2025-11-22 14:33:27,975 - INFO - Validation progress: 650,000/1,803,080 (36.0%) - ETA: 0.8 min
2025-11-22 14:33:29,850 - INFO - Validation progress: 700,000/1,803,080 (38.8%) - ETA: 0.7 min
2025-11-22 14:33:31,730 - INFO - Validation progress: 750,000/1,803,080 (41.6%) - ETA: 0.7 min
2025-11-22 14:33:33,627 - INFO - Validation progress: 800,000/1,803,080 (44.4%) - ETA: 0.7 min
2025-11-22 14:33:35,538 - INFO - Validation progress: 850,000/1,803,080 (47.1%) - ETA: 0.6 min
2025-11-22 14:33:37,409 - INFO - Validation progress: 900,000/1,803,080 (49.9%) - ETA: 0.6 min
2025-11-22 14:33:39,271 - INFO - Validation progress: 950,000/1,803,080 (52.7%) - ETA: 0.6 min
2025-11-22 14:33:41,171 - INFO - Validation progress: 1,000,000/1,803,080 (55.5%) - ETA: 0.5 min
2025-11-22 14:33:43,045 - INFO - Validation progress: 1,050,000/1,803,080 (58.2%) - ETA: 0.5 min
2025-11-22 14:33:44,932 - INFO - Validation progress: 1,100,000/1,803,080 (61.0%) - ETA: 0.5 min
2025-11-22 14:33:46,826 - INFO - Validation progress: 1,150,000/1,803,080 (63.8%) - ETA: 0.4 min
2025-11-22 14:33:48,738 - INFO - Validation progress: 1,200,000/1,803,080 (66.6%) - ETA: 0.4 min
2025-11-22 14:33:50,618 - INFO - Validation progress: 1,250,000/1,803,080 (69.3%) - ETA: 0.4 min
2025-11-22 14:33:52,517 - INFO - Validation progress: 1,300,000/1,803,080 (72.1%) - ETA: 0.3 min
2025-11-22 14:33:54,392 - INFO - Validation progress: 1,350,000/1,803,080 (74.9%) - ETA: 0.3 min
2025-11-22 14:33:56,266 - INFO - Validation progress: 1,400,000/1,803,080 (77.6%) - ETA: 0.3 min
2025-11-22 14:33:58,154 - INFO - Validation progress: 1,450,000/1,803,080 (80.4%) - ETA: 0.2 min
2025-11-22 14:34:00,068 - INFO - Validation progress: 1,500,000/1,803,080 (83.2%) - ETA: 0.2 min
2025-11-22 14:34:01,949 - INFO - Validation progress: 1,550,000/1,803,080 (86.0%) - ETA: 0.2 min
2025-11-22 14:34:03,853 - INFO - Validation progress: 1,600,000/1,803,080 (88.7%) - ETA: 0.1 min
2025-11-22 14:34:05,731 - INFO - Validation progress: 1,650,000/1,803,080 (91.5%) - ETA: 0.1 min
2025-11-22 14:34:07,713 - INFO - Validation progress: 1,700,000/1,803,080 (94.3%) - ETA: 0.1 min
2025-11-22 14:34:09,735 - INFO - Validation progress: 1,750,000/1,803,080 (97.1%) - ETA: 0.0 min
2025-11-22 14:34:11,744 - INFO - Validation progress: 1,800,000/1,803,080 (99.8%) - ETA: 0.0 min
2025-11-22 14:34:11,867 - INFO - Validation completed in 70.0 seconds
2025-11-22 14:34:15,422 - INFO - Q2 DQ Results: 1,782,598 clean (98.86%), 20,482 quarantined (1.14%)
2025-11-22 14:34:16,474 - INFO - Saving 20,482 quarantined records...
2025-11-22 14:34:16,493 - INFO - Starting bulk insert: 20,482 rows into FlightData_Quarantine
2025-11-22 14:34:19,763 - INFO - Progress: 20,482/20,482 rows (100.0%)
2025-11-22 14:34:19,763 - INFO - Bulk insert completed: 20,482 rows into FlightData_Quarantine
2025-11-22 14:34:19,771 - INFO - Quarantined records saved
2025-11-22 14:34:20,456 - INFO - Excluded 0 cancelled flights, 1,782,598 remaining
2025-11-22 14:34:20,459 - INFO - Building dimension key lookups...
2025-11-22 14:34:24,853 - INFO - Records with valid FKs: 1,782,598
2025-11-22 14:34:24,853 - INFO - Cleaning invalid float values...
2025-11-22 14:34:25,121 - INFO - Loading Fact_FlightPerformance...
2025-11-22 14:34:26,552 - INFO - Starting bulk insert: 1,782,598 rows into Fact_FlightPerformance
2025-11-22 14:34:48,110 - INFO - Progress: 50,000/1,782,598 rows (2.8%)
2025-11-22 14:35:03,738 - INFO - Progress: 100,000/1,782,598 rows (5.6%)
2025-11-22 14:35:18,526 - INFO - Progress: 150,000/1,782,598 rows (8.4%)
2025-11-22 14:35:31,722 - INFO - Progress: 200,000/1,782,598 rows (11.2%)
2025-11-22 14:35:47,454 - INFO - Progress: 250,000/1,782,598 rows (14.0%)
2025-11-22 14:36:06,750 - INFO - Progress: 300,000/1,782,598 rows (16.8%)
2025-11-22 14:36:25,228 - INFO - Progress: 350,000/1,782,598 rows (19.6%)
2025-11-22 14:36:42,930 - INFO - Progress: 400,000/1,782,598 rows (22.4%)
2025-11-22 14:37:01,457 - INFO - Progress: 450,000/1,782,598 rows (25.2%)
2025-11-22 14:37:20,315 - INFO - Progress: 500,000/1,782,598 rows (28.0%)
2025-11-22 14:37:38,377 - INFO - Progress: 550,000/1,782,598 rows (30.9%)
2025-11-22 14:37:54,723 - INFO - Progress: 600,000/1,782,598 rows (33.7%)
2025-11-22 14:38:11,182 - INFO - Progress: 650,000/1,782,598 rows (36.5%)
2025-11-22 14:38:27,528 - INFO - Progress: 700,000/1,782,598 rows (39.3%)
2025-11-22 14:38:41,776 - INFO - Progress: 750,000/1,782,598 rows (42.1%)
2025-11-22 14:38:54,976 - INFO - Progress: 800,000/1,782,598 rows (44.9%)
2025-11-22 14:39:08,466 - INFO - Progress: 850,000/1,782,598 rows (47.7%)
2025-11-22 14:39:21,204 - INFO - Progress: 900,000/1,782,598 rows (50.5%)
2025-11-22 14:39:35,329 - INFO - Progress: 950,000/1,782,598 rows (53.3%)
2025-11-22 14:39:50,141 - INFO - Progress: 1,000,000/1,782,598 rows (56.1%)
2025-11-22 14:40:05,049 - INFO - Progress: 1,050,000/1,782,598 rows (58.9%)
2025-11-22 14:40:20,306 - INFO - Progress: 1,100,000/1,782,598 rows (61.7%)
2025-11-22 14:40:39,765 - INFO - Progress: 1,150,000/1,782,598 rows (64.5%)
2025-11-22 14:40:58,455 - INFO - Progress: 1,200,000/1,782,598 rows (67.3%)
2025-11-22 14:41:17,057 - INFO - Progress: 1,250,000/1,782,598 rows (70.1%)
2025-11-22 14:41:34,919 - INFO - Progress: 1,300,000/1,782,598 rows (72.9%)
2025-11-22 14:41:50,603 - INFO - Progress: 1,350,000/1,782,598 rows (75.7%)
2025-11-22 14:42:05,907 - INFO - Progress: 1,400,000/1,782,598 rows (78.5%)
2025-11-22 14:42:21,765 - INFO - Progress: 1,450,000/1,782,598 rows (81.3%)
2025-11-22 14:42:36,868 - INFO - Progress: 1,500,000/1,782,598 rows (84.1%)
2025-11-22 14:42:50,248 - INFO - Progress: 1,550,000/1,782,598 rows (87.0%)
2025-11-22 14:43:02,975 - INFO - Progress: 1,600,000/1,782,598 rows (89.8%)
2025-11-22 14:43:15,524 - INFO - Progress: 1,650,000/1,782,598 rows (92.6%)
2025-11-22 14:43:28,414 - INFO - Progress: 1,700,000/1,782,598 rows (95.4%)
2025-11-22 14:43:42,598 - INFO - Progress: 1,750,000/1,782,598 rows (98.2%)
2025-11-22 14:43:52,356 - INFO - Progress: 1,782,598/1,782,598 rows (100.0%)
2025-11-22 14:43:52,358 - INFO - Bulk insert completed: 1,782,598 rows into Fact_FlightPerformance
2025-11-22 14:43:52,432 - INFO - Loading Fact_Delays...
2025-11-22 14:44:20,843 - INFO - Starting bulk insert: 1,782,598 rows into Fact_Delays
2025-11-22 14:44:36,402 - INFO - Progress: 50,000/1,782,598 rows (2.8%)
2025-11-22 14:44:45,940 - INFO - Progress: 100,000/1,782,598 rows (5.6%)
2025-11-22 14:44:55,428 - INFO - Progress: 150,000/1,782,598 rows (8.4%)
2025-11-22 14:45:07,707 - INFO - Progress: 200,000/1,782,598 rows (11.2%)
2025-11-22 14:45:17,333 - INFO - Progress: 250,000/1,782,598 rows (14.0%)
2025-11-22 14:45:26,836 - INFO - Progress: 300,000/1,782,598 rows (16.8%)
2025-11-22 14:45:37,455 - INFO - Progress: 350,000/1,782,598 rows (19.6%)
2025-11-22 14:45:48,107 - INFO - Progress: 400,000/1,782,598 rows (22.4%)
2025-11-22 14:46:00,077 - INFO - Progress: 450,000/1,782,598 rows (25.2%)
2025-11-22 14:46:11,834 - INFO - Progress: 500,000/1,782,598 rows (28.0%)
2025-11-22 14:46:21,351 - INFO - Progress: 550,000/1,782,598 rows (30.9%)
2025-11-22 14:46:30,932 - INFO - Progress: 600,000/1,782,598 rows (33.7%)
2025-11-22 14:46:40,646 - INFO - Progress: 650,000/1,782,598 rows (36.5%)
2025-11-22 14:46:50,202 - INFO - Progress: 700,000/1,782,598 rows (39.3%)
2025-11-22 14:46:59,881 - INFO - Progress: 750,000/1,782,598 rows (42.1%)
2025-11-22 14:47:09,559 - INFO - Progress: 800,000/1,782,598 rows (44.9%)
2025-11-22 14:47:20,139 - INFO - Progress: 850,000/1,782,598 rows (47.7%)
2025-11-22 14:47:29,632 - INFO - Progress: 900,000/1,782,598 rows (50.5%)
2025-11-22 14:47:39,172 - INFO - Progress: 950,000/1,782,598 rows (53.3%)
2025-11-22 14:47:48,657 - INFO - Progress: 1,000,000/1,782,598 rows (56.1%)
2025-11-22 14:47:58,320 - INFO - Progress: 1,050,000/1,782,598 rows (58.9%)
2025-11-22 14:48:07,843 - INFO - Progress: 1,100,000/1,782,598 rows (61.7%)
2025-11-22 14:48:19,772 - INFO - Progress: 1,150,000/1,782,598 rows (64.5%)
2025-11-22 14:48:29,318 - INFO - Progress: 1,200,000/1,782,598 rows (67.3%)
2025-11-22 14:48:38,783 - INFO - Progress: 1,250,000/1,782,598 rows (70.1%)
2025-11-22 14:48:48,245 - INFO - Progress: 1,300,000/1,782,598 rows (72.9%)
2025-11-22 14:48:57,699 - INFO - Progress: 1,350,000/1,782,598 rows (75.7%)
2025-11-22 14:49:07,347 - INFO - Progress: 1,400,000/1,782,598 rows (78.5%)
2025-11-22 14:49:16,991 - INFO - Progress: 1,450,000/1,782,598 rows (81.3%)
2025-11-22 14:49:28,741 - INFO - Progress: 1,500,000/1,782,598 rows (84.1%)
2025-11-22 14:49:38,300 - INFO - Progress: 1,550,000/1,782,598 rows (87.0%)
2025-11-22 14:49:47,893 - INFO - Progress: 1,600,000/1,782,598 rows (89.8%)
2025-11-22 14:49:57,467 - INFO - Progress: 1,650,000/1,782,598 rows (92.6%)
2025-11-22 14:50:07,024 - INFO - Progress: 1,700,000/1,782,598 rows (95.4%)
2025-11-22 14:50:16,686 - INFO - Progress: 1,750,000/1,782,598 rows (98.2%)
2025-11-22 14:50:22,977 - INFO - Progress: 1,782,598/1,782,598 rows (100.0%)
2025-11-22 14:50:22,977 - INFO - Bulk insert completed: 1,782,598 rows into Fact_Delays
2025-11-22 14:50:23,033 - INFO - Saving DQ metrics...
2025-11-22 14:50:23,037 - INFO - Starting bulk insert: 1 rows into DQ_Metrics
2025-11-22 14:50:23,050 - INFO - Progress: 1/1 rows (100.0%)
2025-11-22 14:50:23,050 - INFO - Bulk insert completed: 1 rows into DQ_Metrics
2025-11-22 14:50:23,050 - INFO - Q2 completed: 1,782,598 loaded, 20,482 quarantined
2025-11-22 14:50:24,244 - INFO - ================================================================================
2025-11-22 14:50:24,244 - INFO - Processing Quarter: Q3
2025-11-22 14:50:24,244 - INFO - ================================================================================
2025-11-22 14:50:24,273 - INFO - Database connection established
2025-11-22 14:50:24,273 - INFO - Extracting 25 columns from Q3...
2025-11-22 14:50:39,093 - INFO - Extracted 1,836,260 records
2025-11-22 14:50:39,094 - INFO - Applying DQ checks to Q3: 1,836,260 records (100% validation)
2025-11-22 14:50:42,554 - INFO - Validation progress: 50,000/1,836,260 (2.7%) - ETA: 2.1 min
2025-11-22 14:50:44,466 - INFO - Validation progress: 100,000/1,836,260 (5.4%) - ETA: 1.6 min
2025-11-22 14:50:46,353 - INFO - Validation progress: 150,000/1,836,260 (8.2%) - ETA: 1.4 min
2025-11-22 14:50:48,290 - INFO - Validation progress: 200,000/1,836,260 (10.9%) - ETA: 1.3 min
2025-11-22 14:50:50,210 - INFO - Validation progress: 250,000/1,836,260 (13.6%) - ETA: 1.2 min
2025-11-22 14:50:52,098 - INFO - Validation progress: 300,000/1,836,260 (16.3%) - ETA: 1.1 min
2025-11-22 14:50:53,991 - INFO - Validation progress: 350,000/1,836,260 (19.1%) - ETA: 1.1 min
2025-11-22 14:50:55,947 - INFO - Validation progress: 400,000/1,836,260 (21.8%) - ETA: 1.0 min
2025-11-22 14:50:57,861 - INFO - Validation progress: 450,000/1,836,260 (24.5%) - ETA: 1.0 min
2025-11-22 14:50:59,757 - INFO - Validation progress: 500,000/1,836,260 (27.2%) - ETA: 0.9 min
2025-11-22 14:51:01,631 - INFO - Validation progress: 550,000/1,836,260 (30.0%) - ETA: 0.9 min
2025-11-22 14:51:03,492 - INFO - Validation progress: 600,000/1,836,260 (32.7%) - ETA: 0.8 min
2025-11-22 14:51:05,357 - INFO - Validation progress: 650,000/1,836,260 (35.4%) - ETA: 0.8 min
2025-11-22 14:51:07,244 - INFO - Validation progress: 700,000/1,836,260 (38.1%) - ETA: 0.8 min
2025-11-22 14:51:09,159 - INFO - Validation progress: 750,000/1,836,260 (40.8%) - ETA: 0.7 min
2025-11-22 14:51:11,037 - INFO - Validation progress: 800,000/1,836,260 (43.6%) - ETA: 0.7 min
2025-11-22 14:51:12,910 - INFO - Validation progress: 850,000/1,836,260 (46.3%) - ETA: 0.7 min
2025-11-22 14:51:14,771 - INFO - Validation progress: 900,000/1,836,260 (49.0%) - ETA: 0.6 min
2025-11-22 14:51:16,637 - INFO - Validation progress: 950,000/1,836,260 (51.7%) - ETA: 0.6 min
2025-11-22 14:51:18,514 - INFO - Validation progress: 1,000,000/1,836,260 (54.5%) - ETA: 0.5 min
2025-11-22 14:51:20,394 - INFO - Validation progress: 1,050,000/1,836,260 (57.2%) - ETA: 0.5 min
2025-11-22 14:51:22,268 - INFO - Validation progress: 1,100,000/1,836,260 (59.9%) - ETA: 0.5 min
2025-11-22 14:51:24,139 - INFO - Validation progress: 1,150,000/1,836,260 (62.6%) - ETA: 0.4 min
2025-11-22 14:51:26,009 - INFO - Validation progress: 1,200,000/1,836,260 (65.4%) - ETA: 0.4 min
2025-11-22 14:51:27,888 - INFO - Validation progress: 1,250,000/1,836,260 (68.1%) - ETA: 0.4 min
2025-11-22 14:51:29,764 - INFO - Validation progress: 1,300,000/1,836,260 (70.8%) - ETA: 0.3 min
2025-11-22 14:51:31,630 - INFO - Validation progress: 1,350,000/1,836,260 (73.5%) - ETA: 0.3 min
2025-11-22 14:51:33,523 - INFO - Validation progress: 1,400,000/1,836,260 (76.2%) - ETA: 0.3 min
2025-11-22 14:51:35,392 - INFO - Validation progress: 1,450,000/1,836,260 (79.0%) - ETA: 0.2 min
2025-11-22 14:51:37,268 - INFO - Validation progress: 1,500,000/1,836,260 (81.7%) - ETA: 0.2 min
2025-11-22 14:51:39,155 - INFO - Validation progress: 1,550,000/1,836,260 (84.4%) - ETA: 0.2 min
2025-11-22 14:51:41,057 - INFO - Validation progress: 1,600,000/1,836,260 (87.1%) - ETA: 0.2 min
2025-11-22 14:51:42,929 - INFO - Validation progress: 1,650,000/1,836,260 (89.9%) - ETA: 0.1 min
2025-11-22 14:51:44,931 - INFO - Validation progress: 1,700,000/1,836,260 (92.6%) - ETA: 0.1 min
2025-11-22 14:51:46,999 - INFO - Validation progress: 1,750,000/1,836,260 (95.3%) - ETA: 0.1 min
2025-11-22 14:51:49,061 - INFO - Validation progress: 1,800,000/1,836,260 (98.0%) - ETA: 0.0 min
2025-11-22 14:51:50,450 - INFO - Validation completed in 71.3 seconds
2025-11-22 14:51:54,052 - INFO - Q3 DQ Results: 1,801,362 clean (98.10%), 34,898 quarantined (1.90%)
2025-11-22 14:51:55,015 - INFO - Saving 34,898 quarantined records...
2025-11-22 14:51:55,041 - INFO - Starting bulk insert: 34,898 rows into FlightData_Quarantine
2025-11-22 14:52:00,547 - INFO - Progress: 34,898/34,898 rows (100.0%)
2025-11-22 14:52:00,548 - INFO - Bulk insert completed: 34,898 rows into FlightData_Quarantine
2025-11-22 14:52:00,558 - INFO - Quarantined records saved
2025-11-22 14:52:01,272 - INFO - Excluded 0 cancelled flights, 1,801,362 remaining
2025-11-22 14:52:01,272 - INFO - Building dimension key lookups...
2025-11-22 14:52:05,603 - INFO - Records with valid FKs: 1,801,362
2025-11-22 14:52:05,604 - INFO - Cleaning invalid float values...
2025-11-22 14:52:05,858 - INFO - Loading Fact_FlightPerformance...
2025-11-22 14:52:07,264 - INFO - Starting bulk insert: 1,801,362 rows into Fact_FlightPerformance
2025-11-22 14:52:30,897 - INFO - Progress: 50,000/1,801,362 rows (2.8%)
2025-11-22 14:52:49,274 - INFO - Progress: 100,000/1,801,362 rows (5.6%)
2025-11-22 14:53:08,430 - INFO - Progress: 150,000/1,801,362 rows (8.3%)
2025-11-22 14:53:27,884 - INFO - Progress: 200,000/1,801,362 rows (11.1%)
2025-11-22 14:53:44,229 - INFO - Progress: 250,000/1,801,362 rows (13.9%)
2025-11-22 14:54:00,675 - INFO - Progress: 300,000/1,801,362 rows (16.7%)
2025-11-22 14:54:17,011 - INFO - Progress: 350,000/1,801,362 rows (19.4%)
2025-11-22 14:54:33,077 - INFO - Progress: 400,000/1,801,362 rows (22.2%)
2025-11-22 14:54:46,259 - INFO - Progress: 450,000/1,801,362 rows (25.0%)
2025-11-22 14:54:59,765 - INFO - Progress: 500,000/1,801,362 rows (27.8%)
2025-11-22 14:55:13,385 - INFO - Progress: 550,000/1,801,362 rows (30.5%)
2025-11-22 14:55:27,885 - INFO - Progress: 600,000/1,801,362 rows (33.3%)
2025-11-22 14:55:43,289 - INFO - Progress: 650,000/1,801,362 rows (36.1%)
2025-11-22 14:55:59,189 - INFO - Progress: 700,000/1,801,362 rows (38.9%)
2025-11-22 14:56:14,961 - INFO - Progress: 750,000/1,801,362 rows (41.6%)
2025-11-22 14:56:29,647 - INFO - Progress: 800,000/1,801,362 rows (44.4%)
2025-11-22 14:56:47,799 - INFO - Progress: 850,000/1,801,362 rows (47.2%)
2025-11-22 14:57:06,752 - INFO - Progress: 900,000/1,801,362 rows (50.0%)
2025-11-22 14:57:25,094 - INFO - Progress: 950,000/1,801,362 rows (52.7%)
2025-11-22 14:57:42,289 - INFO - Progress: 1,000,000/1,801,362 rows (55.5%)
2025-11-22 14:57:58,204 - INFO - Progress: 1,050,000/1,801,362 rows (58.3%)
2025-11-22 14:58:14,778 - INFO - Progress: 1,100,000/1,801,362 rows (61.1%)
2025-11-22 14:58:31,176 - INFO - Progress: 1,150,000/1,801,362 rows (63.8%)
2025-11-22 14:58:44,956 - INFO - Progress: 1,200,000/1,801,362 rows (66.6%)
2025-11-22 14:58:58,641 - INFO - Progress: 1,250,000/1,801,362 rows (69.4%)
2025-11-22 14:59:11,635 - INFO - Progress: 1,300,000/1,801,362 rows (72.2%)
2025-11-22 14:59:25,564 - INFO - Progress: 1,350,000/1,801,362 rows (74.9%)
2025-11-22 14:59:39,852 - INFO - Progress: 1,400,000/1,801,362 rows (77.7%)
2025-11-22 14:59:54,794 - INFO - Progress: 1,450,000/1,801,362 rows (80.5%)
2025-11-22 15:00:10,144 - INFO - Progress: 1,500,000/1,801,362 rows (83.3%)
2025-11-22 15:00:25,480 - INFO - Progress: 1,550,000/1,801,362 rows (86.0%)
2025-11-22 15:00:43,331 - INFO - Progress: 1,600,000/1,801,362 rows (88.8%)
2025-11-22 15:01:02,242 - INFO - Progress: 1,650,000/1,801,362 rows (91.6%)
2025-11-22 15:01:21,207 - INFO - Progress: 1,700,000/1,801,362 rows (94.4%)
2025-11-22 15:01:39,325 - INFO - Progress: 1,750,000/1,801,362 rows (97.1%)
2025-11-22 15:01:55,301 - INFO - Progress: 1,800,000/1,801,362 rows (99.9%)
2025-11-22 15:01:55,746 - INFO - Progress: 1,801,362/1,801,362 rows (100.0%)
2025-11-22 15:01:55,746 - INFO - Bulk insert completed: 1,801,362 rows into Fact_FlightPerformance
2025-11-22 15:01:55,798 - INFO - Loading Fact_Delays...
2025-11-22 15:02:23,049 - INFO - Starting bulk insert: 1,801,362 rows into Fact_Delays
2025-11-22 15:02:37,807 - INFO - Progress: 50,000/1,801,362 rows (2.8%)
2025-11-22 15:02:49,373 - INFO - Progress: 100,000/1,801,362 rows (5.6%)
2025-11-22 15:02:59,043 - INFO - Progress: 150,000/1,801,362 rows (8.3%)
2025-11-22 15:03:08,650 - INFO - Progress: 200,000/1,801,362 rows (11.1%)
2025-11-22 15:03:18,240 - INFO - Progress: 250,000/1,801,362 rows (13.9%)
2025-11-22 15:03:27,789 - INFO - Progress: 300,000/1,801,362 rows (16.7%)
2025-11-22 15:03:37,341 - INFO - Progress: 350,000/1,801,362 rows (19.4%)
2025-11-22 15:03:48,803 - INFO - Progress: 400,000/1,801,362 rows (22.2%)
2025-11-22 15:03:58,486 - INFO - Progress: 450,000/1,801,362 rows (25.0%)
2025-11-22 15:04:07,932 - INFO - Progress: 500,000/1,801,362 rows (27.8%)
2025-11-22 15:04:17,386 - INFO - Progress: 550,000/1,801,362 rows (30.5%)
2025-11-22 15:04:26,961 - INFO - Progress: 600,000/1,801,362 rows (33.3%)
2025-11-22 15:04:36,486 - INFO - Progress: 650,000/1,801,362 rows (36.1%)
2025-11-22 15:04:46,015 - INFO - Progress: 700,000/1,801,362 rows (38.9%)
2025-11-22 15:04:57,161 - INFO - Progress: 750,000/1,801,362 rows (41.6%)
2025-11-22 15:05:06,786 - INFO - Progress: 800,000/1,801,362 rows (44.4%)
2025-11-22 15:05:16,438 - INFO - Progress: 850,000/1,801,362 rows (47.2%)
2025-11-22 15:05:34,042 - INFO - Progress: 900,000/1,801,362 rows (50.0%)
2025-11-22 15:05:50,894 - INFO - Progress: 950,000/1,801,362 rows (52.7%)
2025-11-22 15:06:01,468 - INFO - Progress: 1,000,000/1,801,362 rows (55.5%)
2025-11-22 15:06:20,900 - INFO - Progress: 1,050,000/1,801,362 rows (58.3%)
2025-11-22 15:06:37,919 - INFO - Progress: 1,100,000/1,801,362 rows (61.1%)
2025-11-22 15:06:47,520 - INFO - Progress: 1,150,000/1,801,362 rows (63.8%)
2025-11-22 15:07:01,201 - INFO - Progress: 1,200,000/1,801,362 rows (66.6%)
2025-11-22 15:07:16,983 - INFO - Progress: 1,250,000/1,801,362 rows (69.4%)
2025-11-22 15:07:32,504 - INFO - Progress: 1,300,000/1,801,362 rows (72.2%)
2025-11-22 15:07:50,336 - INFO - Progress: 1,350,000/1,801,362 rows (74.9%)
2025-11-22 15:08:09,599 - INFO - Progress: 1,400,000/1,801,362 rows (77.7%)
2025-11-22 15:08:26,670 - INFO - Progress: 1,450,000/1,801,362 rows (80.5%)
2025-11-22 15:08:44,355 - INFO - Progress: 1,500,000/1,801,362 rows (83.3%)
2025-11-22 15:09:03,183 - INFO - Progress: 1,550,000/1,801,362 rows (86.0%)
2025-11-22 15:09:24,222 - INFO - Progress: 1,600,000/1,801,362 rows (88.8%)
2025-11-22 15:09:42,101 - INFO - Progress: 1,650,000/1,801,362 rows (91.6%)
2025-11-22 15:09:58,523 - INFO - Progress: 1,700,000/1,801,362 rows (94.4%)
2025-11-22 15:10:16,413 - INFO - Progress: 1,750,000/1,801,362 rows (97.1%)
2025-11-22 15:10:33,437 - INFO - Progress: 1,800,000/1,801,362 rows (99.9%)
2025-11-22 15:10:33,803 - INFO - Progress: 1,801,362/1,801,362 rows (100.0%)
2025-11-22 15:10:33,804 - INFO - Bulk insert completed: 1,801,362 rows into Fact_Delays
2025-11-22 15:10:33,865 - INFO - Saving DQ metrics...
2025-11-22 15:10:33,871 - INFO - Starting bulk insert: 1 rows into DQ_Metrics
2025-11-22 15:10:33,882 - INFO - Progress: 1/1 rows (100.0%)
2025-11-22 15:10:33,883 - INFO - Bulk insert completed: 1 rows into DQ_Metrics
2025-11-22 15:10:33,883 - INFO - Q3 completed: 1,801,362 loaded, 34,898 quarantined
2025-11-22 15:10:35,277 - INFO - ================================================================================
2025-11-22 15:10:35,277 - INFO - Processing Quarter: Q4
2025-11-22 15:10:35,278 - INFO - ================================================================================
2025-11-22 15:10:35,320 - INFO - Database connection established
2025-11-22 15:10:35,320 - INFO - Extracting 25 columns from Q4...
2025-11-22 15:10:50,478 - INFO - Extracted 1,781,482 records
2025-11-22 15:10:50,479 - INFO - Applying DQ checks to Q4: 1,781,482 records (100% validation)
2025-11-22 15:10:54,140 - INFO - Validation progress: 50,000/1,781,482 (2.8%) - ETA: 2.1 min
2025-11-22 15:10:56,056 - INFO - Validation progress: 100,000/1,781,482 (5.6%) - ETA: 1.6 min
2025-11-22 15:10:57,971 - INFO - Validation progress: 150,000/1,781,482 (8.4%) - ETA: 1.4 min
2025-11-22 15:10:59,889 - INFO - Validation progress: 200,000/1,781,482 (11.2%) - ETA: 1.2 min
2025-11-22 15:11:01,787 - INFO - Validation progress: 250,000/1,781,482 (14.0%) - ETA: 1.2 min
2025-11-22 15:11:03,681 - INFO - Validation progress: 300,000/1,781,482 (16.8%) - ETA: 1.1 min
2025-11-22 15:11:05,569 - INFO - Validation progress: 350,000/1,781,482 (19.6%) - ETA: 1.0 min
2025-11-22 15:11:07,456 - INFO - Validation progress: 400,000/1,781,482 (22.5%) - ETA: 1.0 min
2025-11-22 15:11:09,329 - INFO - Validation progress: 450,000/1,781,482 (25.3%) - ETA: 0.9 min
2025-11-22 15:11:11,205 - INFO - Validation progress: 500,000/1,781,482 (28.1%) - ETA: 0.9 min
2025-11-22 15:11:13,096 - INFO - Validation progress: 550,000/1,781,482 (30.9%) - ETA: 0.8 min
2025-11-22 15:11:14,974 - INFO - Validation progress: 600,000/1,781,482 (33.7%) - ETA: 0.8 min
2025-11-22 15:11:16,842 - INFO - Validation progress: 650,000/1,781,482 (36.5%) - ETA: 0.8 min
2025-11-22 15:11:18,716 - INFO - Validation progress: 700,000/1,781,482 (39.3%) - ETA: 0.7 min
2025-11-22 15:11:20,587 - INFO - Validation progress: 750,000/1,781,482 (42.1%) - ETA: 0.7 min
2025-11-22 15:11:22,466 - INFO - Validation progress: 800,000/1,781,482 (44.9%) - ETA: 0.7 min
2025-11-22 15:11:24,349 - INFO - Validation progress: 850,000/1,781,482 (47.7%) - ETA: 0.6 min
2025-11-22 15:11:26,230 - INFO - Validation progress: 900,000/1,781,482 (50.5%) - ETA: 0.6 min
2025-11-22 15:11:28,233 - INFO - Validation progress: 950,000/1,781,482 (53.3%) - ETA: 0.6 min
2025-11-22 15:11:30,276 - INFO - Validation progress: 1,000,000/1,781,482 (56.1%) - ETA: 0.5 min
2025-11-22 15:11:32,208 - INFO - Validation progress: 1,050,000/1,781,482 (58.9%) - ETA: 0.5 min
2025-11-22 15:11:34,165 - INFO - Validation progress: 1,100,000/1,781,482 (61.7%) - ETA: 0.5 min
2025-11-22 15:11:37,938 - INFO - Validation progress: 1,150,000/1,781,482 (64.6%) - ETA: 0.4 min
2025-11-22 15:11:41,424 - INFO - Validation progress: 1,200,000/1,781,482 (67.4%) - ETA: 0.4 min
2025-11-22 15:11:44,984 - INFO - Validation progress: 1,250,000/1,781,482 (70.2%) - ETA: 0.4 min
2025-11-22 15:11:48,631 - INFO - Validation progress: 1,300,000/1,781,482 (73.0%) - ETA: 0.4 min
2025-11-22 15:11:52,140 - INFO - Validation progress: 1,350,000/1,781,482 (75.8%) - ETA: 0.3 min
2025-11-22 15:11:55,932 - INFO - Validation progress: 1,400,000/1,781,482 (78.6%) - ETA: 0.3 min
2025-11-22 15:12:00,289 - INFO - Validation progress: 1,450,000/1,781,482 (81.4%) - ETA: 0.3 min
2025-11-22 15:12:03,962 - INFO - Validation progress: 1,500,000/1,781,482 (84.2%) - ETA: 0.2 min
2025-11-22 15:12:07,821 - INFO - Validation progress: 1,550,000/1,781,482 (87.0%) - ETA: 0.2 min
2025-11-22 15:12:11,919 - INFO - Validation progress: 1,600,000/1,781,482 (89.8%) - ETA: 0.2 min
2025-11-22 15:12:15,935 - INFO - Validation progress: 1,650,000/1,781,482 (92.6%) - ETA: 0.1 min
2025-11-22 15:12:19,988 - INFO - Validation progress: 1,700,000/1,781,482 (95.4%) - ETA: 0.1 min
2025-11-22 15:12:23,933 - INFO - Validation progress: 1,750,000/1,781,482 (98.2%) - ETA: 0.0 min
2025-11-22 15:12:26,395 - INFO - Validation completed in 95.9 seconds
2025-11-22 15:12:31,786 - INFO - Q4 DQ Results: 1,768,036 clean (99.25%), 13,446 quarantined (0.75%)
2025-11-22 15:12:34,619 - INFO - Saving 13,446 quarantined records...
2025-11-22 15:12:34,651 - INFO - Starting bulk insert: 13,446 rows into FlightData_Quarantine
2025-11-22 15:12:44,651 - INFO - Progress: 13,446/13,446 rows (100.0%)
2025-11-22 15:12:44,653 - INFO - Bulk insert completed: 13,446 rows into FlightData_Quarantine
2025-11-22 15:12:44,663 - INFO - Quarantined records saved
2025-11-22 15:12:46,357 - INFO - Excluded 0 cancelled flights, 1,768,036 remaining
2025-11-22 15:12:46,359 - INFO - Building dimension key lookups...
2025-11-22 15:12:54,958 - INFO - Records with valid FKs: 1,768,036
2025-11-22 15:12:54,959 - INFO - Cleaning invalid float values...
2025-11-22 15:12:55,580 - INFO - Loading Fact_FlightPerformance...
2025-11-22 15:12:58,719 - INFO - Starting bulk insert: 1,768,036 rows into Fact_FlightPerformance
2025-11-22 15:14:06,470 - INFO - Progress: 50,000/1,768,036 rows (2.8%)
2025-11-22 15:14:52,495 - INFO - Progress: 100,000/1,768,036 rows (5.7%)
2025-11-22 15:15:43,191 - INFO - Progress: 150,000/1,768,036 rows (8.5%)
2025-11-22 15:16:32,023 - INFO - Progress: 200,000/1,768,036 rows (11.3%)
2025-11-22 15:17:22,344 - INFO - Progress: 250,000/1,768,036 rows (14.1%)
2025-11-22 15:18:14,685 - INFO - Progress: 300,000/1,768,036 rows (17.0%)
2025-11-22 15:19:05,344 - INFO - Progress: 350,000/1,768,036 rows (19.8%)
2025-11-22 15:19:56,239 - INFO - Progress: 400,000/1,768,036 rows (22.6%)
2025-11-22 15:20:39,124 - INFO - Progress: 450,000/1,768,036 rows (25.5%)
2025-11-22 15:21:08,796 - INFO - Progress: 500,000/1,768,036 rows (28.3%)
2025-11-22 15:21:46,260 - INFO - Progress: 550,000/1,768,036 rows (31.1%)
2025-11-22 15:22:37,536 - INFO - Progress: 600,000/1,768,036 rows (33.9%)
2025-11-22 15:23:28,867 - INFO - Progress: 650,000/1,768,036 rows (36.8%)
2025-11-22 15:24:23,264 - INFO - Progress: 700,000/1,768,036 rows (39.6%)
2025-11-22 15:25:14,205 - INFO - Progress: 750,000/1,768,036 rows (42.4%)
2025-11-22 15:26:08,187 - INFO - Progress: 800,000/1,768,036 rows (45.2%)
2025-11-22 15:26:56,209 - INFO - Progress: 850,000/1,768,036 rows (48.1%)
2025-11-22 15:27:42,451 - INFO - Progress: 900,000/1,768,036 rows (50.9%)
2025-11-22 15:28:27,596 - INFO - Progress: 950,000/1,768,036 rows (53.7%)
2025-11-22 15:29:22,786 - INFO - Progress: 1,000,000/1,768,036 rows (56.6%)
2025-11-22 15:30:11,035 - INFO - Progress: 1,050,000/1,768,036 rows (59.4%)
2025-11-22 15:31:04,547 - INFO - Progress: 1,100,000/1,768,036 rows (62.2%)
2025-11-22 15:31:55,047 - INFO - Progress: 1,150,000/1,768,036 rows (65.0%)
2025-11-22 15:32:47,235 - INFO - Progress: 1,200,000/1,768,036 rows (67.9%)
2025-11-22 15:33:43,774 - INFO - Progress: 1,250,000/1,768,036 rows (70.7%)
2025-11-22 15:34:30,499 - INFO - Progress: 1,300,000/1,768,036 rows (73.5%)
2025-11-22 15:35:25,552 - INFO - Progress: 1,350,000/1,768,036 rows (76.4%)
2025-11-22 15:36:19,001 - INFO - Progress: 1,400,000/1,768,036 rows (79.2%)
2025-11-22 15:37:11,623 - INFO - Progress: 1,450,000/1,768,036 rows (82.0%)
2025-11-22 15:38:05,782 - INFO - Progress: 1,500,000/1,768,036 rows (84.8%)
2025-11-22 15:38:57,582 - INFO - Progress: 1,550,000/1,768,036 rows (87.7%)
2025-11-22 15:39:47,785 - INFO - Progress: 1,600,000/1,768,036 rows (90.5%)
2025-11-22 15:40:40,039 - INFO - Progress: 1,650,000/1,768,036 rows (93.3%)
2025-11-22 15:41:32,661 - INFO - Progress: 1,700,000/1,768,036 rows (96.2%)
2025-11-22 15:42:27,260 - INFO - Progress: 1,750,000/1,768,036 rows (99.0%)
2025-11-22 15:42:44,626 - INFO - Progress: 1,768,036/1,768,036 rows (100.0%)
2025-11-22 15:42:44,627 - INFO - Bulk insert completed: 1,768,036 rows into Fact_FlightPerformance
2025-11-22 15:42:44,738 - INFO - Loading Fact_Delays...
2025-11-22 15:44:13,706 - INFO - Starting bulk insert: 1,768,036 rows into Fact_Delays
2025-11-22 15:45:21,205 - INFO - Progress: 50,000/1,768,036 rows (2.8%)
2025-11-22 15:46:11,444 - INFO - Progress: 100,000/1,768,036 rows (5.7%)
2025-11-22 15:46:53,061 - INFO - Progress: 150,000/1,768,036 rows (8.5%)
2025-11-22 15:47:20,038 - INFO - Progress: 200,000/1,768,036 rows (11.3%)
2025-11-22 15:47:58,960 - INFO - Progress: 250,000/1,768,036 rows (14.1%)
2025-11-22 15:48:41,350 - INFO - Progress: 300,000/1,768,036 rows (17.0%)
2025-11-22 15:49:30,721 - INFO - Progress: 350,000/1,768,036 rows (19.8%)
2025-11-22 15:50:15,121 - INFO - Progress: 400,000/1,768,036 rows (22.6%)
2025-11-22 15:51:00,378 - INFO - Progress: 450,000/1,768,036 rows (25.5%)
2025-11-22 15:51:46,144 - INFO - Progress: 500,000/1,768,036 rows (28.3%)
2025-11-22 15:52:28,284 - INFO - Progress: 550,000/1,768,036 rows (31.1%)
2025-11-22 15:53:14,476 - INFO - Progress: 600,000/1,768,036 rows (33.9%)
2025-11-22 15:54:00,380 - INFO - Progress: 650,000/1,768,036 rows (36.8%)
2025-11-22 15:54:35,307 - INFO - Progress: 700,000/1,768,036 rows (39.6%)
2025-11-22 15:55:12,085 - INFO - Progress: 750,000/1,768,036 rows (42.4%)
2025-11-22 15:55:56,314 - INFO - Progress: 800,000/1,768,036 rows (45.2%)
2025-11-22 15:56:50,161 - INFO - Progress: 850,000/1,768,036 rows (48.1%)
2025-11-22 15:57:37,318 - INFO - Progress: 900,000/1,768,036 rows (50.9%)
2025-11-22 15:57:55,042 - INFO - Progress: 950,000/1,768,036 rows (53.7%)
2025-11-22 15:58:08,243 - INFO - Progress: 1,000,000/1,768,036 rows (56.6%)
2025-11-22 15:58:17,937 - INFO - Progress: 1,050,000/1,768,036 rows (59.4%)
2025-11-22 15:58:27,404 - INFO - Progress: 1,100,000/1,768,036 rows (62.2%)
2025-11-22 15:58:37,026 - INFO - Progress: 1,150,000/1,768,036 rows (65.0%)
2025-11-22 15:58:48,896 - INFO - Progress: 1,200,000/1,768,036 rows (67.9%)
2025-11-22 15:58:58,623 - INFO - Progress: 1,250,000/1,768,036 rows (70.7%)
2025-11-22 15:59:10,218 - INFO - Progress: 1,300,000/1,768,036 rows (73.5%)
2025-11-22 15:59:20,430 - INFO - Progress: 1,350,000/1,768,036 rows (76.4%)
2025-11-22 15:59:35,040 - INFO - Progress: 1,400,000/1,768,036 rows (79.2%)
2025-11-22 15:59:45,602 - INFO - Progress: 1,450,000/1,768,036 rows (82.0%)
2025-11-22 15:59:55,231 - INFO - Progress: 1,500,000/1,768,036 rows (84.8%)
2025-11-22 16:00:04,722 - INFO - Progress: 1,550,000/1,768,036 rows (87.7%)
2025-11-22 16:00:15,857 - INFO - Progress: 1,600,000/1,768,036 rows (90.5%)
2025-11-22 16:00:26,195 - INFO - Progress: 1,650,000/1,768,036 rows (93.3%)
2025-11-22 16:00:35,690 - INFO - Progress: 1,700,000/1,768,036 rows (96.2%)
2025-11-22 16:00:45,383 - INFO - Progress: 1,750,000/1,768,036 rows (99.0%)
2025-11-22 16:00:48,884 - INFO - Progress: 1,768,036/1,768,036 rows (100.0%)
2025-11-22 16:00:48,885 - INFO - Bulk insert completed: 1,768,036 rows into Fact_Delays
2025-11-22 16:00:48,964 - INFO - Saving DQ metrics...
2025-11-22 16:00:48,968 - INFO - Starting bulk insert: 1 rows into DQ_Metrics
2025-11-22 16:00:48,982 - INFO - Progress: 1/1 rows (100.0%)
2025-11-22 16:00:48,983 - INFO - Bulk insert completed: 1 rows into DQ_Metrics
2025-11-22 16:00:48,983 - INFO - Q4 completed: 1,768,036 loaded, 13,446 quarantined
2025-11-22 16:00:50,231 - INFO - 
================================================================================
2025-11-22 16:00:50,231 - INFO - ETL PIPELINE COMPLETED SUCCESSFULLY
2025-11-22 16:00:50,231 - INFO - ================================================================================
2025-11-22 16:00:52,789 - INFO - 
FINAL STATISTICS:
2025-11-22 16:00:52,789 - INFO - --------------------------------------------------------------------------------
2025-11-22 16:00:52,789 - INFO - Dimensions:
2025-11-22 16:00:52,790 - INFO -   Dim_Date: 366
2025-11-22 16:00:52,790 - INFO -   Dim_Airline: 15
2025-11-22 16:00:52,790 - INFO -   Dim_Airport: 348
2025-11-22 16:00:52,790 - INFO - 
Facts:
2025-11-22 16:00:52,790 - INFO -   Fact_FlightPerformance: 6,981,227
2025-11-22 16:00:52,790 - INFO -   Fact_Delays: 6,981,227
2025-11-22 16:00:52,790 - INFO - 
Data Quality:
2025-11-22 16:00:52,790 - INFO -   Total Processed: 7,079,081
2025-11-22 16:00:52,790 - INFO -   Clean: 6,981,227 (98.62%)
2025-11-22 16:00:52,790 - INFO -   Quarantined: 97,854 (1.38%)
2025-11-22 16:00:52,791 - INFO - 
Execution Time: 1:43:50.680312
2025-11-22 16:00:52,791 - INFO - ================================================================================
2025-11-22 16:00:52,791 - INFO - SUCCESS - ETL COMPLETED
2025-11-22 16:00:52,791 - INFO - ================================================================================
